The system is: Linux - 5.10.110 - aarch64
Compiling the C compiler identification source file "CMakeCCompilerId.c" succeeded.
Compiler: /usr/bin/cc 
Build flags: 
Id flags:  

The output was:
0


Compilation of the C compiler identification source "CMakeCCompilerId.c" produced "a.out"

The C compiler identification is GNU, found in "/home/exe/PadDemo/cmake-build-debug-remote-pad/CMakeFiles/3.16.3/CompilerIdC/a.out"

Compiling the CXX compiler identification source file "CMakeCXXCompilerId.cpp" succeeded.
Compiler: /usr/bin/c++ 
Build flags: 
Id flags:  

The output was:
0


Compilation of the CXX compiler identification source "CMakeCXXCompilerId.cpp" produced "a.out"

The CXX compiler identification is GNU, found in "/home/exe/PadDemo/cmake-build-debug-remote-pad/CMakeFiles/3.16.3/CompilerIdCXX/a.out"

Determining if the C compiler works passed with the following output:
Change Dir: /home/exe/PadDemo/cmake-build-debug-remote-pad/CMakeFiles/CMakeTmp

Run Build Command(s):/usr/bin/make cmTC_34753/fast && /usr/bin/make -f CMakeFiles/cmTC_34753.dir/build.make CMakeFiles/cmTC_34753.dir/build
make[1]: 进入目录“/home/exe/PadDemo/cmake-build-debug-remote-pad/CMakeFiles/CMakeTmp”
Building C object CMakeFiles/cmTC_34753.dir/testCCompiler.c.o
/usr/bin/cc    -o CMakeFiles/cmTC_34753.dir/testCCompiler.c.o   -c /home/exe/PadDemo/cmake-build-debug-remote-pad/CMakeFiles/CMakeTmp/testCCompiler.c
Linking C executable cmTC_34753
/usr/bin/cmake -E cmake_link_script CMakeFiles/cmTC_34753.dir/link.txt --verbose=1
/usr/bin/cc      CMakeFiles/cmTC_34753.dir/testCCompiler.c.o  -o cmTC_34753 
make[1]: 离开目录“/home/exe/PadDemo/cmake-build-debug-remote-pad/CMakeFiles/CMakeTmp”



Detecting C compiler ABI info compiled with the following output:
Change Dir: /home/exe/PadDemo/cmake-build-debug-remote-pad/CMakeFiles/CMakeTmp

Run Build Command(s):/usr/bin/make cmTC_292d2/fast && /usr/bin/make -f CMakeFiles/cmTC_292d2.dir/build.make CMakeFiles/cmTC_292d2.dir/build
make[1]: Entering directory '/home/exe/PadDemo/cmake-build-debug-remote-pad/CMakeFiles/CMakeTmp'
Building C object CMakeFiles/cmTC_292d2.dir/CMakeCCompilerABI.c.o
/usr/bin/cc   -v -o CMakeFiles/cmTC_292d2.dir/CMakeCCompilerABI.c.o   -c /usr/share/cmake-3.16/Modules/CMakeCCompilerABI.c
Using built-in specs.
COLLECT_GCC=/opt/kpgcc_release/bin/gcc
Target: aarch64-unknown-linux-gnu
Configured with: ../kpgcc-for-kylin-9.3.1/configure --prefix=/usr/local/kpgcc_release --enable-languages=c,c++,fortran,lto
Thread model: posix
gcc version 9.3.1 (GCC) 
COLLECT_GCC_OPTIONS='-v' '-o' 'CMakeFiles/cmTC_292d2.dir/CMakeCCompilerABI.c.o' '-c' '-mlittle-endian' '-mabi=lp64'
 /opt/kpgcc_release/bin/../libexec/gcc/aarch64-unknown-linux-gnu/9.3.1/cc1 -quiet -v -imultiarch aarch64-linux-gnu -iprefix /opt/kpgcc_release/bin/../lib/gcc/aarch64-unknown-linux-gnu/9.3.1/ /usr/share/cmake-3.16/Modules/CMakeCCompilerABI.c -quiet -dumpbase CMakeCCompilerABI.c -mlittle-endian -mabi=lp64 -auxbase-strip CMakeFiles/cmTC_292d2.dir/CMakeCCompilerABI.c.o -version -o /tmp/ccaNFFFt.s
GNU C17 (GCC) version 9.3.1 (aarch64-unknown-linux-gnu)
	compiled by GNU C version 9.3.1, GMP version 6.1.0, MPFR version 3.1.4, MPC version 1.0.3, isl version isl-0.18-GMP

GGC heuristics: --param ggc-min-expand=100 --param ggc-min-heapsize=131072
ignoring nonexistent directory "/opt/kpgcc_release/bin/../lib/gcc/aarch64-unknown-linux-gnu/9.3.1/../../../../aarch64-unknown-linux-gnu/include"
ignoring duplicate directory "/opt/kpgcc_release/bin/../lib/gcc/../../lib/gcc/aarch64-unknown-linux-gnu/9.3.1/include"
ignoring nonexistent directory "/usr/local/include/aarch64-linux-gnu"
ignoring duplicate directory "/opt/kpgcc_release/bin/../lib/gcc/../../lib/gcc/aarch64-unknown-linux-gnu/9.3.1/include-fixed"
ignoring nonexistent directory "/opt/kpgcc_release/bin/../lib/gcc/../../lib/gcc/aarch64-unknown-linux-gnu/9.3.1/../../../../aarch64-unknown-linux-gnu/include"
#include "..." search starts here:
#include <...> search starts here:
 /opt/kpgcc_release/bin/../lib/gcc/aarch64-unknown-linux-gnu/9.3.1/include
 /opt/kpgcc_release/bin/../lib/gcc/aarch64-unknown-linux-gnu/9.3.1/include-fixed
 /usr/local/include
 /opt/kpgcc_release/bin/../lib/gcc/../../include
 /usr/include/aarch64-linux-gnu
 /usr/include
End of search list.
GNU C17 (GCC) version 9.3.1 (aarch64-unknown-linux-gnu)
	compiled by GNU C version 9.3.1, GMP version 6.1.0, MPFR version 3.1.4, MPC version 1.0.3, isl version isl-0.18-GMP

GGC heuristics: --param ggc-min-expand=100 --param ggc-min-heapsize=131072
Compiler executable checksum: 8c40da5e285af524050f452ee8e36a75
COLLECT_GCC_OPTIONS='-v' '-o' 'CMakeFiles/cmTC_292d2.dir/CMakeCCompilerABI.c.o' '-c' '-mlittle-endian' '-mabi=lp64'
 as -v -EL -mabi=lp64 -o CMakeFiles/cmTC_292d2.dir/CMakeCCompilerABI.c.o /tmp/ccaNFFFt.s
GNU assembler version 2.34 (aarch64-linux-gnu) using BFD version (GNU Binutils for Ubuntu) 2.34
COMPILER_PATH=/opt/kpgcc_release/bin/../libexec/gcc/aarch64-unknown-linux-gnu/9.3.1/:/opt/kpgcc_release/bin/../libexec/gcc/
LIBRARY_PATH=/opt/kpgcc_release/bin/../lib/gcc/aarch64-unknown-linux-gnu/9.3.1/:/opt/kpgcc_release/bin/../lib/gcc/:/opt/kpgcc_release/bin/../lib/gcc/aarch64-unknown-linux-gnu/9.3.1/../../../../lib64/:/lib/aarch64-linux-gnu/:/lib/../lib64/:/usr/lib/aarch64-linux-gnu/:/usr/lib/../lib64/:/opt/kpgcc_release/bin/../lib/gcc/aarch64-unknown-linux-gnu/9.3.1/../../../:/lib/:/usr/lib/
COLLECT_GCC_OPTIONS='-v' '-o' 'CMakeFiles/cmTC_292d2.dir/CMakeCCompilerABI.c.o' '-c' '-mlittle-endian' '-mabi=lp64'
Linking C executable cmTC_292d2
/usr/bin/cmake -E cmake_link_script CMakeFiles/cmTC_292d2.dir/link.txt --verbose=1
/usr/bin/cc     -v CMakeFiles/cmTC_292d2.dir/CMakeCCompilerABI.c.o  -o cmTC_292d2 
Using built-in specs.
COLLECT_GCC=/opt/kpgcc_release/bin/gcc
COLLECT_LTO_WRAPPER=/opt/kpgcc_release/bin/../libexec/gcc/aarch64-unknown-linux-gnu/9.3.1/lto-wrapper
Target: aarch64-unknown-linux-gnu
Configured with: ../kpgcc-for-kylin-9.3.1/configure --prefix=/usr/local/kpgcc_release --enable-languages=c,c++,fortran,lto
Thread model: posix
gcc version 9.3.1 (GCC) 
COMPILER_PATH=/opt/kpgcc_release/bin/../libexec/gcc/aarch64-unknown-linux-gnu/9.3.1/:/opt/kpgcc_release/bin/../libexec/gcc/
LIBRARY_PATH=/opt/kpgcc_release/bin/../lib/gcc/aarch64-unknown-linux-gnu/9.3.1/:/opt/kpgcc_release/bin/../lib/gcc/:/opt/kpgcc_release/bin/../lib/gcc/aarch64-unknown-linux-gnu/9.3.1/../../../../lib64/:/lib/aarch64-linux-gnu/:/lib/../lib64/:/usr/lib/aarch64-linux-gnu/:/usr/lib/../lib64/:/opt/kpgcc_release/bin/../lib/gcc/aarch64-unknown-linux-gnu/9.3.1/../../../:/lib/:/usr/lib/
COLLECT_GCC_OPTIONS='-v' '-o' 'cmTC_292d2' '-mlittle-endian' '-mabi=lp64'
 /opt/kpgcc_release/bin/../libexec/gcc/aarch64-unknown-linux-gnu/9.3.1/collect2 -plugin /opt/kpgcc_release/bin/../libexec/gcc/aarch64-unknown-linux-gnu/9.3.1/liblto_plugin.so -plugin-opt=/opt/kpgcc_release/bin/../libexec/gcc/aarch64-unknown-linux-gnu/9.3.1/lto-wrapper -plugin-opt=-fresolution=/tmp/ccbJqPL1.res -plugin-opt=-pass-through=-lgcc -plugin-opt=-pass-through=-lgcc_s -plugin-opt=-pass-through=-lc -plugin-opt=-pass-through=-lgcc -plugin-opt=-pass-through=-lgcc_s --eh-frame-hdr -dynamic-linker /lib/ld-linux-aarch64.so.1 -X -EL -maarch64linux -o cmTC_292d2 /lib/aarch64-linux-gnu/crt1.o /lib/aarch64-linux-gnu/crti.o /opt/kpgcc_release/bin/../lib/gcc/aarch64-unknown-linux-gnu/9.3.1/crtbegin.o -L/opt/kpgcc_release/bin/../lib/gcc/aarch64-unknown-linux-gnu/9.3.1 -L/opt/kpgcc_release/bin/../lib/gcc -L/opt/kpgcc_release/bin/../lib/gcc/aarch64-unknown-linux-gnu/9.3.1/../../../../lib64 -L/lib/aarch64-linux-gnu -L/lib/../lib64 -L/usr/lib/aarch64-linux-gnu -L/usr/lib/../lib64 -L/opt/kpgcc_release/bin/../lib/gcc/aarch64-unknown-linux-gnu/9.3.1/../../.. CMakeFiles/cmTC_292d2.dir/CMakeCCompilerABI.c.o -lgcc --push-state --as-needed -lgcc_s --pop-state -lc -lgcc --push-state --as-needed -lgcc_s --pop-state /opt/kpgcc_release/bin/../lib/gcc/aarch64-unknown-linux-gnu/9.3.1/crtend.o /lib/aarch64-linux-gnu/crtn.o
COLLECT_GCC_OPTIONS='-v' '-o' 'cmTC_292d2' '-mlittle-endian' '-mabi=lp64'
make[1]: Leaving directory '/home/exe/PadDemo/cmake-build-debug-remote-pad/CMakeFiles/CMakeTmp'



Parsed C implicit include dir info from above output: rv=done
  found start of include info
  found start of implicit include info
    add: [/opt/kpgcc_release/bin/../lib/gcc/aarch64-unknown-linux-gnu/9.3.1/include]
    add: [/opt/kpgcc_release/bin/../lib/gcc/aarch64-unknown-linux-gnu/9.3.1/include-fixed]
    add: [/usr/local/include]
    add: [/opt/kpgcc_release/bin/../lib/gcc/../../include]
    add: [/usr/include/aarch64-linux-gnu]
    add: [/usr/include]
  end of search list found
  collapse include dir [/opt/kpgcc_release/bin/../lib/gcc/aarch64-unknown-linux-gnu/9.3.1/include] ==> [/opt/kpgcc_release/lib/gcc/aarch64-unknown-linux-gnu/9.3.1/include]
  collapse include dir [/opt/kpgcc_release/bin/../lib/gcc/aarch64-unknown-linux-gnu/9.3.1/include-fixed] ==> [/opt/kpgcc_release/lib/gcc/aarch64-unknown-linux-gnu/9.3.1/include-fixed]
  collapse include dir [/usr/local/include] ==> [/usr/local/include]
  collapse include dir [/opt/kpgcc_release/bin/../lib/gcc/../../include] ==> [/opt/kpgcc_release/include]
  collapse include dir [/usr/include/aarch64-linux-gnu] ==> [/usr/include/aarch64-linux-gnu]
  collapse include dir [/usr/include] ==> [/usr/include]
  implicit include dirs: [/opt/kpgcc_release/lib/gcc/aarch64-unknown-linux-gnu/9.3.1/include;/opt/kpgcc_release/lib/gcc/aarch64-unknown-linux-gnu/9.3.1/include-fixed;/usr/local/include;/opt/kpgcc_release/include;/usr/include/aarch64-linux-gnu;/usr/include]


Parsed C implicit link information from above output:
  link line regex: [^( *|.*[/\])(ld|CMAKE_LINK_STARTFILE-NOTFOUND|([^/\]+-)?ld|collect2)[^/\]*( |$)]
  ignore line: [Change Dir: /home/exe/PadDemo/cmake-build-debug-remote-pad/CMakeFiles/CMakeTmp]
  ignore line: []
  ignore line: [Run Build Command(s):/usr/bin/make cmTC_292d2/fast && /usr/bin/make -f CMakeFiles/cmTC_292d2.dir/build.make CMakeFiles/cmTC_292d2.dir/build]
  ignore line: [make[1]: Entering directory '/home/exe/PadDemo/cmake-build-debug-remote-pad/CMakeFiles/CMakeTmp']
  ignore line: [Building C object CMakeFiles/cmTC_292d2.dir/CMakeCCompilerABI.c.o]
  ignore line: [/usr/bin/cc   -v -o CMakeFiles/cmTC_292d2.dir/CMakeCCompilerABI.c.o   -c /usr/share/cmake-3.16/Modules/CMakeCCompilerABI.c]
  ignore line: [Using built-in specs.]
  ignore line: [COLLECT_GCC=/opt/kpgcc_release/bin/gcc]
  ignore line: [Target: aarch64-unknown-linux-gnu]
  ignore line: [Configured with: ../kpgcc-for-kylin-9.3.1/configure --prefix=/usr/local/kpgcc_release --enable-languages=c c++ fortran lto]
  ignore line: [Thread model: posix]
  ignore line: [gcc version 9.3.1 (GCC) ]
  ignore line: [COLLECT_GCC_OPTIONS='-v' '-o' 'CMakeFiles/cmTC_292d2.dir/CMakeCCompilerABI.c.o' '-c' '-mlittle-endian' '-mabi=lp64']
  ignore line: [ /opt/kpgcc_release/bin/../libexec/gcc/aarch64-unknown-linux-gnu/9.3.1/cc1 -quiet -v -imultiarch aarch64-linux-gnu -iprefix /opt/kpgcc_release/bin/../lib/gcc/aarch64-unknown-linux-gnu/9.3.1/ /usr/share/cmake-3.16/Modules/CMakeCCompilerABI.c -quiet -dumpbase CMakeCCompilerABI.c -mlittle-endian -mabi=lp64 -auxbase-strip CMakeFiles/cmTC_292d2.dir/CMakeCCompilerABI.c.o -version -o /tmp/ccaNFFFt.s]
  ignore line: [GNU C17 (GCC) version 9.3.1 (aarch64-unknown-linux-gnu)]
  ignore line: [	compiled by GNU C version 9.3.1  GMP version 6.1.0  MPFR version 3.1.4  MPC version 1.0.3  isl version isl-0.18-GMP]
  ignore line: []
  ignore line: [GGC heuristics: --param ggc-min-expand=100 --param ggc-min-heapsize=131072]
  ignore line: [ignoring nonexistent directory "/opt/kpgcc_release/bin/../lib/gcc/aarch64-unknown-linux-gnu/9.3.1/../../../../aarch64-unknown-linux-gnu/include"]
  ignore line: [ignoring duplicate directory "/opt/kpgcc_release/bin/../lib/gcc/../../lib/gcc/aarch64-unknown-linux-gnu/9.3.1/include"]
  ignore line: [ignoring nonexistent directory "/usr/local/include/aarch64-linux-gnu"]
  ignore line: [ignoring duplicate directory "/opt/kpgcc_release/bin/../lib/gcc/../../lib/gcc/aarch64-unknown-linux-gnu/9.3.1/include-fixed"]
  ignore line: [ignoring nonexistent directory "/opt/kpgcc_release/bin/../lib/gcc/../../lib/gcc/aarch64-unknown-linux-gnu/9.3.1/../../../../aarch64-unknown-linux-gnu/include"]
  ignore line: [#include "..." search starts here:]
  ignore line: [#include <...> search starts here:]
  ignore line: [ /opt/kpgcc_release/bin/../lib/gcc/aarch64-unknown-linux-gnu/9.3.1/include]
  ignore line: [ /opt/kpgcc_release/bin/../lib/gcc/aarch64-unknown-linux-gnu/9.3.1/include-fixed]
  ignore line: [ /usr/local/include]
  ignore line: [ /opt/kpgcc_release/bin/../lib/gcc/../../include]
  ignore line: [ /usr/include/aarch64-linux-gnu]
  ignore line: [ /usr/include]
  ignore line: [End of search list.]
  ignore line: [GNU C17 (GCC) version 9.3.1 (aarch64-unknown-linux-gnu)]
  ignore line: [	compiled by GNU C version 9.3.1  GMP version 6.1.0  MPFR version 3.1.4  MPC version 1.0.3  isl version isl-0.18-GMP]
  ignore line: []
  ignore line: [GGC heuristics: --param ggc-min-expand=100 --param ggc-min-heapsize=131072]
  ignore line: [Compiler executable checksum: 8c40da5e285af524050f452ee8e36a75]
  ignore line: [COLLECT_GCC_OPTIONS='-v' '-o' 'CMakeFiles/cmTC_292d2.dir/CMakeCCompilerABI.c.o' '-c' '-mlittle-endian' '-mabi=lp64']
  ignore line: [ as -v -EL -mabi=lp64 -o CMakeFiles/cmTC_292d2.dir/CMakeCCompilerABI.c.o /tmp/ccaNFFFt.s]
  ignore line: [GNU assembler version 2.34 (aarch64-linux-gnu) using BFD version (GNU Binutils for Ubuntu) 2.34]
  ignore line: [COMPILER_PATH=/opt/kpgcc_release/bin/../libexec/gcc/aarch64-unknown-linux-gnu/9.3.1/:/opt/kpgcc_release/bin/../libexec/gcc/]
  ignore line: [LIBRARY_PATH=/opt/kpgcc_release/bin/../lib/gcc/aarch64-unknown-linux-gnu/9.3.1/:/opt/kpgcc_release/bin/../lib/gcc/:/opt/kpgcc_release/bin/../lib/gcc/aarch64-unknown-linux-gnu/9.3.1/../../../../lib64/:/lib/aarch64-linux-gnu/:/lib/../lib64/:/usr/lib/aarch64-linux-gnu/:/usr/lib/../lib64/:/opt/kpgcc_release/bin/../lib/gcc/aarch64-unknown-linux-gnu/9.3.1/../../../:/lib/:/usr/lib/]
  ignore line: [COLLECT_GCC_OPTIONS='-v' '-o' 'CMakeFiles/cmTC_292d2.dir/CMakeCCompilerABI.c.o' '-c' '-mlittle-endian' '-mabi=lp64']
  ignore line: [Linking C executable cmTC_292d2]
  ignore line: [/usr/bin/cmake -E cmake_link_script CMakeFiles/cmTC_292d2.dir/link.txt --verbose=1]
  ignore line: [/usr/bin/cc     -v CMakeFiles/cmTC_292d2.dir/CMakeCCompilerABI.c.o  -o cmTC_292d2 ]
  ignore line: [Using built-in specs.]
  ignore line: [COLLECT_GCC=/opt/kpgcc_release/bin/gcc]
  ignore line: [COLLECT_LTO_WRAPPER=/opt/kpgcc_release/bin/../libexec/gcc/aarch64-unknown-linux-gnu/9.3.1/lto-wrapper]
  ignore line: [Target: aarch64-unknown-linux-gnu]
  ignore line: [Configured with: ../kpgcc-for-kylin-9.3.1/configure --prefix=/usr/local/kpgcc_release --enable-languages=c c++ fortran lto]
  ignore line: [Thread model: posix]
  ignore line: [gcc version 9.3.1 (GCC) ]
  ignore line: [COMPILER_PATH=/opt/kpgcc_release/bin/../libexec/gcc/aarch64-unknown-linux-gnu/9.3.1/:/opt/kpgcc_release/bin/../libexec/gcc/]
  ignore line: [LIBRARY_PATH=/opt/kpgcc_release/bin/../lib/gcc/aarch64-unknown-linux-gnu/9.3.1/:/opt/kpgcc_release/bin/../lib/gcc/:/opt/kpgcc_release/bin/../lib/gcc/aarch64-unknown-linux-gnu/9.3.1/../../../../lib64/:/lib/aarch64-linux-gnu/:/lib/../lib64/:/usr/lib/aarch64-linux-gnu/:/usr/lib/../lib64/:/opt/kpgcc_release/bin/../lib/gcc/aarch64-unknown-linux-gnu/9.3.1/../../../:/lib/:/usr/lib/]
  ignore line: [COLLECT_GCC_OPTIONS='-v' '-o' 'cmTC_292d2' '-mlittle-endian' '-mabi=lp64']
  link line: [ /opt/kpgcc_release/bin/../libexec/gcc/aarch64-unknown-linux-gnu/9.3.1/collect2 -plugin /opt/kpgcc_release/bin/../libexec/gcc/aarch64-unknown-linux-gnu/9.3.1/liblto_plugin.so -plugin-opt=/opt/kpgcc_release/bin/../libexec/gcc/aarch64-unknown-linux-gnu/9.3.1/lto-wrapper -plugin-opt=-fresolution=/tmp/ccbJqPL1.res -plugin-opt=-pass-through=-lgcc -plugin-opt=-pass-through=-lgcc_s -plugin-opt=-pass-through=-lc -plugin-opt=-pass-through=-lgcc -plugin-opt=-pass-through=-lgcc_s --eh-frame-hdr -dynamic-linker /lib/ld-linux-aarch64.so.1 -X -EL -maarch64linux -o cmTC_292d2 /lib/aarch64-linux-gnu/crt1.o /lib/aarch64-linux-gnu/crti.o /opt/kpgcc_release/bin/../lib/gcc/aarch64-unknown-linux-gnu/9.3.1/crtbegin.o -L/opt/kpgcc_release/bin/../lib/gcc/aarch64-unknown-linux-gnu/9.3.1 -L/opt/kpgcc_release/bin/../lib/gcc -L/opt/kpgcc_release/bin/../lib/gcc/aarch64-unknown-linux-gnu/9.3.1/../../../../lib64 -L/lib/aarch64-linux-gnu -L/lib/../lib64 -L/usr/lib/aarch64-linux-gnu -L/usr/lib/../lib64 -L/opt/kpgcc_release/bin/../lib/gcc/aarch64-unknown-linux-gnu/9.3.1/../../.. CMakeFiles/cmTC_292d2.dir/CMakeCCompilerABI.c.o -lgcc --push-state --as-needed -lgcc_s --pop-state -lc -lgcc --push-state --as-needed -lgcc_s --pop-state /opt/kpgcc_release/bin/../lib/gcc/aarch64-unknown-linux-gnu/9.3.1/crtend.o /lib/aarch64-linux-gnu/crtn.o]
    arg [/opt/kpgcc_release/bin/../libexec/gcc/aarch64-unknown-linux-gnu/9.3.1/collect2] ==> ignore
    arg [-plugin] ==> ignore
    arg [/opt/kpgcc_release/bin/../libexec/gcc/aarch64-unknown-linux-gnu/9.3.1/liblto_plugin.so] ==> ignore
    arg [-plugin-opt=/opt/kpgcc_release/bin/../libexec/gcc/aarch64-unknown-linux-gnu/9.3.1/lto-wrapper] ==> ignore
    arg [-plugin-opt=-fresolution=/tmp/ccbJqPL1.res] ==> ignore
    arg [-plugin-opt=-pass-through=-lgcc] ==> ignore
    arg [-plugin-opt=-pass-through=-lgcc_s] ==> ignore
    arg [-plugin-opt=-pass-through=-lc] ==> ignore
    arg [-plugin-opt=-pass-through=-lgcc] ==> ignore
    arg [-plugin-opt=-pass-through=-lgcc_s] ==> ignore
    arg [--eh-frame-hdr] ==> ignore
    arg [-dynamic-linker] ==> ignore
    arg [/lib/ld-linux-aarch64.so.1] ==> ignore
    arg [-X] ==> ignore
    arg [-EL] ==> ignore
    arg [-maarch64linux] ==> ignore
    arg [-o] ==> ignore
    arg [cmTC_292d2] ==> ignore
    arg [/lib/aarch64-linux-gnu/crt1.o] ==> ignore
    arg [/lib/aarch64-linux-gnu/crti.o] ==> ignore
    arg [/opt/kpgcc_release/bin/../lib/gcc/aarch64-unknown-linux-gnu/9.3.1/crtbegin.o] ==> ignore
    arg [-L/opt/kpgcc_release/bin/../lib/gcc/aarch64-unknown-linux-gnu/9.3.1] ==> dir [/opt/kpgcc_release/bin/../lib/gcc/aarch64-unknown-linux-gnu/9.3.1]
    arg [-L/opt/kpgcc_release/bin/../lib/gcc] ==> dir [/opt/kpgcc_release/bin/../lib/gcc]
    arg [-L/opt/kpgcc_release/bin/../lib/gcc/aarch64-unknown-linux-gnu/9.3.1/../../../../lib64] ==> dir [/opt/kpgcc_release/bin/../lib/gcc/aarch64-unknown-linux-gnu/9.3.1/../../../../lib64]
    arg [-L/lib/aarch64-linux-gnu] ==> dir [/lib/aarch64-linux-gnu]
    arg [-L/lib/../lib64] ==> dir [/lib/../lib64]
    arg [-L/usr/lib/aarch64-linux-gnu] ==> dir [/usr/lib/aarch64-linux-gnu]
    arg [-L/usr/lib/../lib64] ==> dir [/usr/lib/../lib64]
    arg [-L/opt/kpgcc_release/bin/../lib/gcc/aarch64-unknown-linux-gnu/9.3.1/../../..] ==> dir [/opt/kpgcc_release/bin/../lib/gcc/aarch64-unknown-linux-gnu/9.3.1/../../..]
    arg [CMakeFiles/cmTC_292d2.dir/CMakeCCompilerABI.c.o] ==> ignore
    arg [-lgcc] ==> lib [gcc]
    arg [--push-state] ==> ignore
    arg [--as-needed] ==> ignore
    arg [-lgcc_s] ==> lib [gcc_s]
    arg [--pop-state] ==> ignore
    arg [-lc] ==> lib [c]
    arg [-lgcc] ==> lib [gcc]
    arg [--push-state] ==> ignore
    arg [--as-needed] ==> ignore
    arg [-lgcc_s] ==> lib [gcc_s]
    arg [--pop-state] ==> ignore
    arg [/opt/kpgcc_release/bin/../lib/gcc/aarch64-unknown-linux-gnu/9.3.1/crtend.o] ==> ignore
    arg [/lib/aarch64-linux-gnu/crtn.o] ==> ignore
  collapse library dir [/opt/kpgcc_release/bin/../lib/gcc/aarch64-unknown-linux-gnu/9.3.1] ==> [/opt/kpgcc_release/lib/gcc/aarch64-unknown-linux-gnu/9.3.1]
  collapse library dir [/opt/kpgcc_release/bin/../lib/gcc] ==> [/opt/kpgcc_release/lib/gcc]
  collapse library dir [/opt/kpgcc_release/bin/../lib/gcc/aarch64-unknown-linux-gnu/9.3.1/../../../../lib64] ==> [/opt/kpgcc_release/lib64]
  collapse library dir [/lib/aarch64-linux-gnu] ==> [/lib/aarch64-linux-gnu]
  collapse library dir [/lib/../lib64] ==> [/lib64]
  collapse library dir [/usr/lib/aarch64-linux-gnu] ==> [/usr/lib/aarch64-linux-gnu]
  collapse library dir [/usr/lib/../lib64] ==> [/usr/lib64]
  collapse library dir [/opt/kpgcc_release/bin/../lib/gcc/aarch64-unknown-linux-gnu/9.3.1/../../..] ==> [/opt/kpgcc_release/lib]
  implicit libs: [gcc;gcc_s;c;gcc;gcc_s]
  implicit dirs: [/opt/kpgcc_release/lib/gcc/aarch64-unknown-linux-gnu/9.3.1;/opt/kpgcc_release/lib/gcc;/opt/kpgcc_release/lib64;/lib/aarch64-linux-gnu;/lib64;/usr/lib/aarch64-linux-gnu;/usr/lib64;/opt/kpgcc_release/lib]
  implicit fwks: []


Determining if the CXX compiler works passed with the following output:
Change Dir: /home/exe/PadDemo/cmake-build-debug-remote-pad/CMakeFiles/CMakeTmp

Run Build Command(s):/usr/bin/make cmTC_06ad9/fast && /usr/bin/make -f CMakeFiles/cmTC_06ad9.dir/build.make CMakeFiles/cmTC_06ad9.dir/build
make[1]: 进入目录“/home/exe/PadDemo/cmake-build-debug-remote-pad/CMakeFiles/CMakeTmp”
Building CXX object CMakeFiles/cmTC_06ad9.dir/testCXXCompiler.cxx.o
/usr/bin/c++     -o CMakeFiles/cmTC_06ad9.dir/testCXXCompiler.cxx.o -c /home/exe/PadDemo/cmake-build-debug-remote-pad/CMakeFiles/CMakeTmp/testCXXCompiler.cxx
Linking CXX executable cmTC_06ad9
/usr/bin/cmake -E cmake_link_script CMakeFiles/cmTC_06ad9.dir/link.txt --verbose=1
/usr/bin/c++       CMakeFiles/cmTC_06ad9.dir/testCXXCompiler.cxx.o  -o cmTC_06ad9 
make[1]: 离开目录“/home/exe/PadDemo/cmake-build-debug-remote-pad/CMakeFiles/CMakeTmp”



Detecting CXX compiler ABI info compiled with the following output:
Change Dir: /home/exe/PadDemo/cmake-build-debug-remote-pad/CMakeFiles/CMakeTmp

Run Build Command(s):/usr/bin/make cmTC_b2f0a/fast && /usr/bin/make -f CMakeFiles/cmTC_b2f0a.dir/build.make CMakeFiles/cmTC_b2f0a.dir/build
make[1]: Entering directory '/home/exe/PadDemo/cmake-build-debug-remote-pad/CMakeFiles/CMakeTmp'
Building CXX object CMakeFiles/cmTC_b2f0a.dir/CMakeCXXCompilerABI.cpp.o
/usr/bin/c++    -v -o CMakeFiles/cmTC_b2f0a.dir/CMakeCXXCompilerABI.cpp.o -c /usr/share/cmake-3.16/Modules/CMakeCXXCompilerABI.cpp
Using built-in specs.
COLLECT_GCC=/opt/kpgcc_release/bin/g++
Target: aarch64-unknown-linux-gnu
Configured with: ../kpgcc-for-kylin-9.3.1/configure --prefix=/usr/local/kpgcc_release --enable-languages=c,c++,fortran,lto
Thread model: posix
gcc version 9.3.1 (GCC) 
COLLECT_GCC_OPTIONS='-v' '-o' 'CMakeFiles/cmTC_b2f0a.dir/CMakeCXXCompilerABI.cpp.o' '-c' '-shared-libgcc' '-mlittle-endian' '-mabi=lp64'
 /opt/kpgcc_release/bin/../libexec/gcc/aarch64-unknown-linux-gnu/9.3.1/cc1plus -quiet -v -imultiarch aarch64-linux-gnu -iprefix /opt/kpgcc_release/bin/../lib/gcc/aarch64-unknown-linux-gnu/9.3.1/ -D_GNU_SOURCE /usr/share/cmake-3.16/Modules/CMakeCXXCompilerABI.cpp -quiet -dumpbase CMakeCXXCompilerABI.cpp -mlittle-endian -mabi=lp64 -auxbase-strip CMakeFiles/cmTC_b2f0a.dir/CMakeCXXCompilerABI.cpp.o -version -o /tmp/ccHGSqvL.s
GNU C++14 (GCC) version 9.3.1 (aarch64-unknown-linux-gnu)
	compiled by GNU C version 9.3.1, GMP version 6.1.0, MPFR version 3.1.4, MPC version 1.0.3, isl version isl-0.18-GMP

GGC heuristics: --param ggc-min-expand=100 --param ggc-min-heapsize=131072
ignoring nonexistent directory "/opt/kpgcc_release/bin/../lib/gcc/aarch64-unknown-linux-gnu/9.3.1/../../../../aarch64-unknown-linux-gnu/include"
ignoring duplicate directory "/opt/kpgcc_release/bin/../lib/gcc/../../lib/gcc/aarch64-unknown-linux-gnu/9.3.1/../../../../include/c++/9.3.1"
ignoring duplicate directory "/opt/kpgcc_release/bin/../lib/gcc/../../lib/gcc/aarch64-unknown-linux-gnu/9.3.1/../../../../include/c++/9.3.1/aarch64-unknown-linux-gnu"
ignoring duplicate directory "/opt/kpgcc_release/bin/../lib/gcc/../../lib/gcc/aarch64-unknown-linux-gnu/9.3.1/../../../../include/c++/9.3.1/backward"
ignoring duplicate directory "/opt/kpgcc_release/bin/../lib/gcc/../../lib/gcc/aarch64-unknown-linux-gnu/9.3.1/include"
ignoring nonexistent directory "/usr/local/include/aarch64-linux-gnu"
ignoring duplicate directory "/opt/kpgcc_release/bin/../lib/gcc/../../lib/gcc/aarch64-unknown-linux-gnu/9.3.1/include-fixed"
ignoring nonexistent directory "/opt/kpgcc_release/bin/../lib/gcc/../../lib/gcc/aarch64-unknown-linux-gnu/9.3.1/../../../../aarch64-unknown-linux-gnu/include"
#include "..." search starts here:
#include <...> search starts here:
 /opt/kpgcc_release/bin/../lib/gcc/aarch64-unknown-linux-gnu/9.3.1/../../../../include/c++/9.3.1
 /opt/kpgcc_release/bin/../lib/gcc/aarch64-unknown-linux-gnu/9.3.1/../../../../include/c++/9.3.1/aarch64-unknown-linux-gnu
 /opt/kpgcc_release/bin/../lib/gcc/aarch64-unknown-linux-gnu/9.3.1/../../../../include/c++/9.3.1/backward
 /opt/kpgcc_release/bin/../lib/gcc/aarch64-unknown-linux-gnu/9.3.1/include
 /opt/kpgcc_release/bin/../lib/gcc/aarch64-unknown-linux-gnu/9.3.1/include-fixed
 /usr/local/include
 /opt/kpgcc_release/bin/../lib/gcc/../../include
 /usr/include/aarch64-linux-gnu
 /usr/include
End of search list.
GNU C++14 (GCC) version 9.3.1 (aarch64-unknown-linux-gnu)
	compiled by GNU C version 9.3.1, GMP version 6.1.0, MPFR version 3.1.4, MPC version 1.0.3, isl version isl-0.18-GMP

GGC heuristics: --param ggc-min-expand=100 --param ggc-min-heapsize=131072
Compiler executable checksum: d7edca2c7212d0d747d222c4a82db8b8
COLLECT_GCC_OPTIONS='-v' '-o' 'CMakeFiles/cmTC_b2f0a.dir/CMakeCXXCompilerABI.cpp.o' '-c' '-shared-libgcc' '-mlittle-endian' '-mabi=lp64'
 as -v -EL -mabi=lp64 -o CMakeFiles/cmTC_b2f0a.dir/CMakeCXXCompilerABI.cpp.o /tmp/ccHGSqvL.s
GNU assembler version 2.34 (aarch64-linux-gnu) using BFD version (GNU Binutils for Ubuntu) 2.34
COMPILER_PATH=/opt/kpgcc_release/bin/../libexec/gcc/aarch64-unknown-linux-gnu/9.3.1/:/opt/kpgcc_release/bin/../libexec/gcc/
LIBRARY_PATH=/opt/kpgcc_release/bin/../lib/gcc/aarch64-unknown-linux-gnu/9.3.1/:/opt/kpgcc_release/bin/../lib/gcc/:/opt/kpgcc_release/bin/../lib/gcc/aarch64-unknown-linux-gnu/9.3.1/../../../../lib64/:/lib/aarch64-linux-gnu/:/lib/../lib64/:/usr/lib/aarch64-linux-gnu/:/usr/lib/../lib64/:/opt/kpgcc_release/bin/../lib/gcc/aarch64-unknown-linux-gnu/9.3.1/../../../:/lib/:/usr/lib/
COLLECT_GCC_OPTIONS='-v' '-o' 'CMakeFiles/cmTC_b2f0a.dir/CMakeCXXCompilerABI.cpp.o' '-c' '-shared-libgcc' '-mlittle-endian' '-mabi=lp64'
Linking CXX executable cmTC_b2f0a
/usr/bin/cmake -E cmake_link_script CMakeFiles/cmTC_b2f0a.dir/link.txt --verbose=1
/usr/bin/c++      -v CMakeFiles/cmTC_b2f0a.dir/CMakeCXXCompilerABI.cpp.o  -o cmTC_b2f0a 
Using built-in specs.
COLLECT_GCC=/opt/kpgcc_release/bin/g++
COLLECT_LTO_WRAPPER=/opt/kpgcc_release/bin/../libexec/gcc/aarch64-unknown-linux-gnu/9.3.1/lto-wrapper
Target: aarch64-unknown-linux-gnu
Configured with: ../kpgcc-for-kylin-9.3.1/configure --prefix=/usr/local/kpgcc_release --enable-languages=c,c++,fortran,lto
Thread model: posix
gcc version 9.3.1 (GCC) 
COMPILER_PATH=/opt/kpgcc_release/bin/../libexec/gcc/aarch64-unknown-linux-gnu/9.3.1/:/opt/kpgcc_release/bin/../libexec/gcc/
LIBRARY_PATH=/opt/kpgcc_release/bin/../lib/gcc/aarch64-unknown-linux-gnu/9.3.1/:/opt/kpgcc_release/bin/../lib/gcc/:/opt/kpgcc_release/bin/../lib/gcc/aarch64-unknown-linux-gnu/9.3.1/../../../../lib64/:/lib/aarch64-linux-gnu/:/lib/../lib64/:/usr/lib/aarch64-linux-gnu/:/usr/lib/../lib64/:/opt/kpgcc_release/bin/../lib/gcc/aarch64-unknown-linux-gnu/9.3.1/../../../:/lib/:/usr/lib/
COLLECT_GCC_OPTIONS='-v' '-o' 'cmTC_b2f0a' '-shared-libgcc' '-mlittle-endian' '-mabi=lp64'
 /opt/kpgcc_release/bin/../libexec/gcc/aarch64-unknown-linux-gnu/9.3.1/collect2 -plugin /opt/kpgcc_release/bin/../libexec/gcc/aarch64-unknown-linux-gnu/9.3.1/liblto_plugin.so -plugin-opt=/opt/kpgcc_release/bin/../libexec/gcc/aarch64-unknown-linux-gnu/9.3.1/lto-wrapper -plugin-opt=-fresolution=/tmp/cct13uRh.res -plugin-opt=-pass-through=-lgcc_s -plugin-opt=-pass-through=-lgcc -plugin-opt=-pass-through=-lc -plugin-opt=-pass-through=-lgcc_s -plugin-opt=-pass-through=-lgcc --eh-frame-hdr -dynamic-linker /lib/ld-linux-aarch64.so.1 -X -EL -maarch64linux -o cmTC_b2f0a /lib/aarch64-linux-gnu/crt1.o /lib/aarch64-linux-gnu/crti.o /opt/kpgcc_release/bin/../lib/gcc/aarch64-unknown-linux-gnu/9.3.1/crtbegin.o -L/opt/kpgcc_release/bin/../lib/gcc/aarch64-unknown-linux-gnu/9.3.1 -L/opt/kpgcc_release/bin/../lib/gcc -L/opt/kpgcc_release/bin/../lib/gcc/aarch64-unknown-linux-gnu/9.3.1/../../../../lib64 -L/lib/aarch64-linux-gnu -L/lib/../lib64 -L/usr/lib/aarch64-linux-gnu -L/usr/lib/../lib64 -L/opt/kpgcc_release/bin/../lib/gcc/aarch64-unknown-linux-gnu/9.3.1/../../.. CMakeFiles/cmTC_b2f0a.dir/CMakeCXXCompilerABI.cpp.o -lstdc++ -lm -lgcc_s -lgcc -lc -lgcc_s -lgcc /opt/kpgcc_release/bin/../lib/gcc/aarch64-unknown-linux-gnu/9.3.1/crtend.o /lib/aarch64-linux-gnu/crtn.o
COLLECT_GCC_OPTIONS='-v' '-o' 'cmTC_b2f0a' '-shared-libgcc' '-mlittle-endian' '-mabi=lp64'
make[1]: Leaving directory '/home/exe/PadDemo/cmake-build-debug-remote-pad/CMakeFiles/CMakeTmp'



Parsed CXX implicit include dir info from above output: rv=done
  found start of include info
  found start of implicit include info
    add: [/opt/kpgcc_release/bin/../lib/gcc/aarch64-unknown-linux-gnu/9.3.1/../../../../include/c++/9.3.1]
    add: [/opt/kpgcc_release/bin/../lib/gcc/aarch64-unknown-linux-gnu/9.3.1/../../../../include/c++/9.3.1/aarch64-unknown-linux-gnu]
    add: [/opt/kpgcc_release/bin/../lib/gcc/aarch64-unknown-linux-gnu/9.3.1/../../../../include/c++/9.3.1/backward]
    add: [/opt/kpgcc_release/bin/../lib/gcc/aarch64-unknown-linux-gnu/9.3.1/include]
    add: [/opt/kpgcc_release/bin/../lib/gcc/aarch64-unknown-linux-gnu/9.3.1/include-fixed]
    add: [/usr/local/include]
    add: [/opt/kpgcc_release/bin/../lib/gcc/../../include]
    add: [/usr/include/aarch64-linux-gnu]
    add: [/usr/include]
  end of search list found
  collapse include dir [/opt/kpgcc_release/bin/../lib/gcc/aarch64-unknown-linux-gnu/9.3.1/../../../../include/c++/9.3.1] ==> [/opt/kpgcc_release/include/c++/9.3.1]
  collapse include dir [/opt/kpgcc_release/bin/../lib/gcc/aarch64-unknown-linux-gnu/9.3.1/../../../../include/c++/9.3.1/aarch64-unknown-linux-gnu] ==> [/opt/kpgcc_release/include/c++/9.3.1/aarch64-unknown-linux-gnu]
  collapse include dir [/opt/kpgcc_release/bin/../lib/gcc/aarch64-unknown-linux-gnu/9.3.1/../../../../include/c++/9.3.1/backward] ==> [/opt/kpgcc_release/include/c++/9.3.1/backward]
  collapse include dir [/opt/kpgcc_release/bin/../lib/gcc/aarch64-unknown-linux-gnu/9.3.1/include] ==> [/opt/kpgcc_release/lib/gcc/aarch64-unknown-linux-gnu/9.3.1/include]
  collapse include dir [/opt/kpgcc_release/bin/../lib/gcc/aarch64-unknown-linux-gnu/9.3.1/include-fixed] ==> [/opt/kpgcc_release/lib/gcc/aarch64-unknown-linux-gnu/9.3.1/include-fixed]
  collapse include dir [/usr/local/include] ==> [/usr/local/include]
  collapse include dir [/opt/kpgcc_release/bin/../lib/gcc/../../include] ==> [/opt/kpgcc_release/include]
  collapse include dir [/usr/include/aarch64-linux-gnu] ==> [/usr/include/aarch64-linux-gnu]
  collapse include dir [/usr/include] ==> [/usr/include]
  implicit include dirs: [/opt/kpgcc_release/include/c++/9.3.1;/opt/kpgcc_release/include/c++/9.3.1/aarch64-unknown-linux-gnu;/opt/kpgcc_release/include/c++/9.3.1/backward;/opt/kpgcc_release/lib/gcc/aarch64-unknown-linux-gnu/9.3.1/include;/opt/kpgcc_release/lib/gcc/aarch64-unknown-linux-gnu/9.3.1/include-fixed;/usr/local/include;/opt/kpgcc_release/include;/usr/include/aarch64-linux-gnu;/usr/include]


Parsed CXX implicit link information from above output:
  link line regex: [^( *|.*[/\])(ld|CMAKE_LINK_STARTFILE-NOTFOUND|([^/\]+-)?ld|collect2)[^/\]*( |$)]
  ignore line: [Change Dir: /home/exe/PadDemo/cmake-build-debug-remote-pad/CMakeFiles/CMakeTmp]
  ignore line: []
  ignore line: [Run Build Command(s):/usr/bin/make cmTC_b2f0a/fast && /usr/bin/make -f CMakeFiles/cmTC_b2f0a.dir/build.make CMakeFiles/cmTC_b2f0a.dir/build]
  ignore line: [make[1]: Entering directory '/home/exe/PadDemo/cmake-build-debug-remote-pad/CMakeFiles/CMakeTmp']
  ignore line: [Building CXX object CMakeFiles/cmTC_b2f0a.dir/CMakeCXXCompilerABI.cpp.o]
  ignore line: [/usr/bin/c++    -v -o CMakeFiles/cmTC_b2f0a.dir/CMakeCXXCompilerABI.cpp.o -c /usr/share/cmake-3.16/Modules/CMakeCXXCompilerABI.cpp]
  ignore line: [Using built-in specs.]
  ignore line: [COLLECT_GCC=/opt/kpgcc_release/bin/g++]
  ignore line: [Target: aarch64-unknown-linux-gnu]
  ignore line: [Configured with: ../kpgcc-for-kylin-9.3.1/configure --prefix=/usr/local/kpgcc_release --enable-languages=c c++ fortran lto]
  ignore line: [Thread model: posix]
  ignore line: [gcc version 9.3.1 (GCC) ]
  ignore line: [COLLECT_GCC_OPTIONS='-v' '-o' 'CMakeFiles/cmTC_b2f0a.dir/CMakeCXXCompilerABI.cpp.o' '-c' '-shared-libgcc' '-mlittle-endian' '-mabi=lp64']
  ignore line: [ /opt/kpgcc_release/bin/../libexec/gcc/aarch64-unknown-linux-gnu/9.3.1/cc1plus -quiet -v -imultiarch aarch64-linux-gnu -iprefix /opt/kpgcc_release/bin/../lib/gcc/aarch64-unknown-linux-gnu/9.3.1/ -D_GNU_SOURCE /usr/share/cmake-3.16/Modules/CMakeCXXCompilerABI.cpp -quiet -dumpbase CMakeCXXCompilerABI.cpp -mlittle-endian -mabi=lp64 -auxbase-strip CMakeFiles/cmTC_b2f0a.dir/CMakeCXXCompilerABI.cpp.o -version -o /tmp/ccHGSqvL.s]
  ignore line: [GNU C++14 (GCC) version 9.3.1 (aarch64-unknown-linux-gnu)]
  ignore line: [	compiled by GNU C version 9.3.1  GMP version 6.1.0  MPFR version 3.1.4  MPC version 1.0.3  isl version isl-0.18-GMP]
  ignore line: []
  ignore line: [GGC heuristics: --param ggc-min-expand=100 --param ggc-min-heapsize=131072]
  ignore line: [ignoring nonexistent directory "/opt/kpgcc_release/bin/../lib/gcc/aarch64-unknown-linux-gnu/9.3.1/../../../../aarch64-unknown-linux-gnu/include"]
  ignore line: [ignoring duplicate directory "/opt/kpgcc_release/bin/../lib/gcc/../../lib/gcc/aarch64-unknown-linux-gnu/9.3.1/../../../../include/c++/9.3.1"]
  ignore line: [ignoring duplicate directory "/opt/kpgcc_release/bin/../lib/gcc/../../lib/gcc/aarch64-unknown-linux-gnu/9.3.1/../../../../include/c++/9.3.1/aarch64-unknown-linux-gnu"]
  ignore line: [ignoring duplicate directory "/opt/kpgcc_release/bin/../lib/gcc/../../lib/gcc/aarch64-unknown-linux-gnu/9.3.1/../../../../include/c++/9.3.1/backward"]
  ignore line: [ignoring duplicate directory "/opt/kpgcc_release/bin/../lib/gcc/../../lib/gcc/aarch64-unknown-linux-gnu/9.3.1/include"]
  ignore line: [ignoring nonexistent directory "/usr/local/include/aarch64-linux-gnu"]
  ignore line: [ignoring duplicate directory "/opt/kpgcc_release/bin/../lib/gcc/../../lib/gcc/aarch64-unknown-linux-gnu/9.3.1/include-fixed"]
  ignore line: [ignoring nonexistent directory "/opt/kpgcc_release/bin/../lib/gcc/../../lib/gcc/aarch64-unknown-linux-gnu/9.3.1/../../../../aarch64-unknown-linux-gnu/include"]
  ignore line: [#include "..." search starts here:]
  ignore line: [#include <...> search starts here:]
  ignore line: [ /opt/kpgcc_release/bin/../lib/gcc/aarch64-unknown-linux-gnu/9.3.1/../../../../include/c++/9.3.1]
  ignore line: [ /opt/kpgcc_release/bin/../lib/gcc/aarch64-unknown-linux-gnu/9.3.1/../../../../include/c++/9.3.1/aarch64-unknown-linux-gnu]
  ignore line: [ /opt/kpgcc_release/bin/../lib/gcc/aarch64-unknown-linux-gnu/9.3.1/../../../../include/c++/9.3.1/backward]
  ignore line: [ /opt/kpgcc_release/bin/../lib/gcc/aarch64-unknown-linux-gnu/9.3.1/include]
  ignore line: [ /opt/kpgcc_release/bin/../lib/gcc/aarch64-unknown-linux-gnu/9.3.1/include-fixed]
  ignore line: [ /usr/local/include]
  ignore line: [ /opt/kpgcc_release/bin/../lib/gcc/../../include]
  ignore line: [ /usr/include/aarch64-linux-gnu]
  ignore line: [ /usr/include]
  ignore line: [End of search list.]
  ignore line: [GNU C++14 (GCC) version 9.3.1 (aarch64-unknown-linux-gnu)]
  ignore line: [	compiled by GNU C version 9.3.1  GMP version 6.1.0  MPFR version 3.1.4  MPC version 1.0.3  isl version isl-0.18-GMP]
  ignore line: []
  ignore line: [GGC heuristics: --param ggc-min-expand=100 --param ggc-min-heapsize=131072]
  ignore line: [Compiler executable checksum: d7edca2c7212d0d747d222c4a82db8b8]
  ignore line: [COLLECT_GCC_OPTIONS='-v' '-o' 'CMakeFiles/cmTC_b2f0a.dir/CMakeCXXCompilerABI.cpp.o' '-c' '-shared-libgcc' '-mlittle-endian' '-mabi=lp64']
  ignore line: [ as -v -EL -mabi=lp64 -o CMakeFiles/cmTC_b2f0a.dir/CMakeCXXCompilerABI.cpp.o /tmp/ccHGSqvL.s]
  ignore line: [GNU assembler version 2.34 (aarch64-linux-gnu) using BFD version (GNU Binutils for Ubuntu) 2.34]
  ignore line: [COMPILER_PATH=/opt/kpgcc_release/bin/../libexec/gcc/aarch64-unknown-linux-gnu/9.3.1/:/opt/kpgcc_release/bin/../libexec/gcc/]
  ignore line: [LIBRARY_PATH=/opt/kpgcc_release/bin/../lib/gcc/aarch64-unknown-linux-gnu/9.3.1/:/opt/kpgcc_release/bin/../lib/gcc/:/opt/kpgcc_release/bin/../lib/gcc/aarch64-unknown-linux-gnu/9.3.1/../../../../lib64/:/lib/aarch64-linux-gnu/:/lib/../lib64/:/usr/lib/aarch64-linux-gnu/:/usr/lib/../lib64/:/opt/kpgcc_release/bin/../lib/gcc/aarch64-unknown-linux-gnu/9.3.1/../../../:/lib/:/usr/lib/]
  ignore line: [COLLECT_GCC_OPTIONS='-v' '-o' 'CMakeFiles/cmTC_b2f0a.dir/CMakeCXXCompilerABI.cpp.o' '-c' '-shared-libgcc' '-mlittle-endian' '-mabi=lp64']
  ignore line: [Linking CXX executable cmTC_b2f0a]
  ignore line: [/usr/bin/cmake -E cmake_link_script CMakeFiles/cmTC_b2f0a.dir/link.txt --verbose=1]
  ignore line: [/usr/bin/c++      -v CMakeFiles/cmTC_b2f0a.dir/CMakeCXXCompilerABI.cpp.o  -o cmTC_b2f0a ]
  ignore line: [Using built-in specs.]
  ignore line: [COLLECT_GCC=/opt/kpgcc_release/bin/g++]
  ignore line: [COLLECT_LTO_WRAPPER=/opt/kpgcc_release/bin/../libexec/gcc/aarch64-unknown-linux-gnu/9.3.1/lto-wrapper]
  ignore line: [Target: aarch64-unknown-linux-gnu]
  ignore line: [Configured with: ../kpgcc-for-kylin-9.3.1/configure --prefix=/usr/local/kpgcc_release --enable-languages=c c++ fortran lto]
  ignore line: [Thread model: posix]
  ignore line: [gcc version 9.3.1 (GCC) ]
  ignore line: [COMPILER_PATH=/opt/kpgcc_release/bin/../libexec/gcc/aarch64-unknown-linux-gnu/9.3.1/:/opt/kpgcc_release/bin/../libexec/gcc/]
  ignore line: [LIBRARY_PATH=/opt/kpgcc_release/bin/../lib/gcc/aarch64-unknown-linux-gnu/9.3.1/:/opt/kpgcc_release/bin/../lib/gcc/:/opt/kpgcc_release/bin/../lib/gcc/aarch64-unknown-linux-gnu/9.3.1/../../../../lib64/:/lib/aarch64-linux-gnu/:/lib/../lib64/:/usr/lib/aarch64-linux-gnu/:/usr/lib/../lib64/:/opt/kpgcc_release/bin/../lib/gcc/aarch64-unknown-linux-gnu/9.3.1/../../../:/lib/:/usr/lib/]
  ignore line: [COLLECT_GCC_OPTIONS='-v' '-o' 'cmTC_b2f0a' '-shared-libgcc' '-mlittle-endian' '-mabi=lp64']
  link line: [ /opt/kpgcc_release/bin/../libexec/gcc/aarch64-unknown-linux-gnu/9.3.1/collect2 -plugin /opt/kpgcc_release/bin/../libexec/gcc/aarch64-unknown-linux-gnu/9.3.1/liblto_plugin.so -plugin-opt=/opt/kpgcc_release/bin/../libexec/gcc/aarch64-unknown-linux-gnu/9.3.1/lto-wrapper -plugin-opt=-fresolution=/tmp/cct13uRh.res -plugin-opt=-pass-through=-lgcc_s -plugin-opt=-pass-through=-lgcc -plugin-opt=-pass-through=-lc -plugin-opt=-pass-through=-lgcc_s -plugin-opt=-pass-through=-lgcc --eh-frame-hdr -dynamic-linker /lib/ld-linux-aarch64.so.1 -X -EL -maarch64linux -o cmTC_b2f0a /lib/aarch64-linux-gnu/crt1.o /lib/aarch64-linux-gnu/crti.o /opt/kpgcc_release/bin/../lib/gcc/aarch64-unknown-linux-gnu/9.3.1/crtbegin.o -L/opt/kpgcc_release/bin/../lib/gcc/aarch64-unknown-linux-gnu/9.3.1 -L/opt/kpgcc_release/bin/../lib/gcc -L/opt/kpgcc_release/bin/../lib/gcc/aarch64-unknown-linux-gnu/9.3.1/../../../../lib64 -L/lib/aarch64-linux-gnu -L/lib/../lib64 -L/usr/lib/aarch64-linux-gnu -L/usr/lib/../lib64 -L/opt/kpgcc_release/bin/../lib/gcc/aarch64-unknown-linux-gnu/9.3.1/../../.. CMakeFiles/cmTC_b2f0a.dir/CMakeCXXCompilerABI.cpp.o -lstdc++ -lm -lgcc_s -lgcc -lc -lgcc_s -lgcc /opt/kpgcc_release/bin/../lib/gcc/aarch64-unknown-linux-gnu/9.3.1/crtend.o /lib/aarch64-linux-gnu/crtn.o]
    arg [/opt/kpgcc_release/bin/../libexec/gcc/aarch64-unknown-linux-gnu/9.3.1/collect2] ==> ignore
    arg [-plugin] ==> ignore
    arg [/opt/kpgcc_release/bin/../libexec/gcc/aarch64-unknown-linux-gnu/9.3.1/liblto_plugin.so] ==> ignore
    arg [-plugin-opt=/opt/kpgcc_release/bin/../libexec/gcc/aarch64-unknown-linux-gnu/9.3.1/lto-wrapper] ==> ignore
    arg [-plugin-opt=-fresolution=/tmp/cct13uRh.res] ==> ignore
    arg [-plugin-opt=-pass-through=-lgcc_s] ==> ignore
    arg [-plugin-opt=-pass-through=-lgcc] ==> ignore
    arg [-plugin-opt=-pass-through=-lc] ==> ignore
    arg [-plugin-opt=-pass-through=-lgcc_s] ==> ignore
    arg [-plugin-opt=-pass-through=-lgcc] ==> ignore
    arg [--eh-frame-hdr] ==> ignore
    arg [-dynamic-linker] ==> ignore
    arg [/lib/ld-linux-aarch64.so.1] ==> ignore
    arg [-X] ==> ignore
    arg [-EL] ==> ignore
    arg [-maarch64linux] ==> ignore
    arg [-o] ==> ignore
    arg [cmTC_b2f0a] ==> ignore
    arg [/lib/aarch64-linux-gnu/crt1.o] ==> ignore
    arg [/lib/aarch64-linux-gnu/crti.o] ==> ignore
    arg [/opt/kpgcc_release/bin/../lib/gcc/aarch64-unknown-linux-gnu/9.3.1/crtbegin.o] ==> ignore
    arg [-L/opt/kpgcc_release/bin/../lib/gcc/aarch64-unknown-linux-gnu/9.3.1] ==> dir [/opt/kpgcc_release/bin/../lib/gcc/aarch64-unknown-linux-gnu/9.3.1]
    arg [-L/opt/kpgcc_release/bin/../lib/gcc] ==> dir [/opt/kpgcc_release/bin/../lib/gcc]
    arg [-L/opt/kpgcc_release/bin/../lib/gcc/aarch64-unknown-linux-gnu/9.3.1/../../../../lib64] ==> dir [/opt/kpgcc_release/bin/../lib/gcc/aarch64-unknown-linux-gnu/9.3.1/../../../../lib64]
    arg [-L/lib/aarch64-linux-gnu] ==> dir [/lib/aarch64-linux-gnu]
    arg [-L/lib/../lib64] ==> dir [/lib/../lib64]
    arg [-L/usr/lib/aarch64-linux-gnu] ==> dir [/usr/lib/aarch64-linux-gnu]
    arg [-L/usr/lib/../lib64] ==> dir [/usr/lib/../lib64]
    arg [-L/opt/kpgcc_release/bin/../lib/gcc/aarch64-unknown-linux-gnu/9.3.1/../../..] ==> dir [/opt/kpgcc_release/bin/../lib/gcc/aarch64-unknown-linux-gnu/9.3.1/../../..]
    arg [CMakeFiles/cmTC_b2f0a.dir/CMakeCXXCompilerABI.cpp.o] ==> ignore
    arg [-lstdc++] ==> lib [stdc++]
    arg [-lm] ==> lib [m]
    arg [-lgcc_s] ==> lib [gcc_s]
    arg [-lgcc] ==> lib [gcc]
    arg [-lc] ==> lib [c]
    arg [-lgcc_s] ==> lib [gcc_s]
    arg [-lgcc] ==> lib [gcc]
    arg [/opt/kpgcc_release/bin/../lib/gcc/aarch64-unknown-linux-gnu/9.3.1/crtend.o] ==> ignore
    arg [/lib/aarch64-linux-gnu/crtn.o] ==> ignore
  collapse library dir [/opt/kpgcc_release/bin/../lib/gcc/aarch64-unknown-linux-gnu/9.3.1] ==> [/opt/kpgcc_release/lib/gcc/aarch64-unknown-linux-gnu/9.3.1]
  collapse library dir [/opt/kpgcc_release/bin/../lib/gcc] ==> [/opt/kpgcc_release/lib/gcc]
  collapse library dir [/opt/kpgcc_release/bin/../lib/gcc/aarch64-unknown-linux-gnu/9.3.1/../../../../lib64] ==> [/opt/kpgcc_release/lib64]
  collapse library dir [/lib/aarch64-linux-gnu] ==> [/lib/aarch64-linux-gnu]
  collapse library dir [/lib/../lib64] ==> [/lib64]
  collapse library dir [/usr/lib/aarch64-linux-gnu] ==> [/usr/lib/aarch64-linux-gnu]
  collapse library dir [/usr/lib/../lib64] ==> [/usr/lib64]
  collapse library dir [/opt/kpgcc_release/bin/../lib/gcc/aarch64-unknown-linux-gnu/9.3.1/../../..] ==> [/opt/kpgcc_release/lib]
  implicit libs: [stdc++;m;gcc_s;gcc;c;gcc_s;gcc]
  implicit dirs: [/opt/kpgcc_release/lib/gcc/aarch64-unknown-linux-gnu/9.3.1;/opt/kpgcc_release/lib/gcc;/opt/kpgcc_release/lib64;/lib/aarch64-linux-gnu;/lib64;/usr/lib/aarch64-linux-gnu;/usr/lib64;/opt/kpgcc_release/lib]
  implicit fwks: []


